
Running "jshint:build" (jshint) task
>> 58 files lint free.

Running "clean:build" (clean) task
>> 1 path cleaned.

Running "preprocess:build" (preprocess) task

Running "htmlmin:build" (htmlmin) task
Minified .tmp/index.html 1.16 kB → 801 B

Running "requirejs:build" (requirejs) task
>> RequireJS optimizer finished

app
Uncompressed size: 2591226 bytes.
Compressed size: 622089 bytes gzipped. (2577327 bytes minified)

modules/main/mainController
Uncompressed size: 2591226 bytes.
Compressed size: 8369 bytes gzipped. (41770 bytes minified)

Running "clean:post-requirejs" (clean) task
>> 1 path cleaned.

Running "copy:build" (copy) task
Created 15 directories, copied 187 files

Running "configureProxies:server" (configureProxies) task
Rewrite rule created for: [/\/api/ -> /api].
Proxy created for: /api to localhost:3000

Running "connect:server" (connect) task
Waiting forever...
Started connect web server on http://localhost:9000
